{"level":"\u001b[32minfo\u001b[39m","message":"{\"method\":\"P\",\"url\":\"/api/auth/login\",\"status\":\"500\",\"responseTime\":\"9.912\"}","timestamp":"2024-07-19T10:33:28.413Z"}
{"level":"\u001b[32minfo\u001b[39m","message":"{\"method\":\"P\",\"url\":\"/api/auth/login\",\"status\":\"500\",\"responseTime\":\"9.790\"}","timestamp":"2024-07-19T10:34:49.132Z"}
{"level":"\u001b[32minfo\u001b[39m","message":"{\"method\":\"P\",\"url\":\"/api/auth/login\",\"status\":\"500\",\"responseTime\":\"9.940\"}","timestamp":"2024-07-19T10:35:19.579Z"}
{"level":"\u001b[32minfo\u001b[39m","message":"{\"method\":\"P\",\"url\":\"/api/auth/login\",\"status\":\"400\",\"responseTime\":\"280.495\"}","timestamp":"2024-07-19T10:36:12.610Z"}
{"level":"\u001b[32minfo\u001b[39m","message":"{\"method\":\"P\",\"url\":\"/api/auth/login\",\"status\":\"200\",\"responseTime\":\"317.611\"}","timestamp":"2024-07-19T10:36:23.626Z"}
{"level":"\u001b[32minfo\u001b[39m","message":"{\"method\":\"P\",\"url\":\"/api/auth/login\",\"status\":\"200\",\"responseTime\":\"345.019\"}","timestamp":"2024-07-19T10:37:17.572Z"}
{"level":"\u001b[32minfo\u001b[39m","message":"{\"method\":\"P\",\"url\":\"/api/auth/login\",\"status\":\"200\",\"responseTime\":\"355.503\"}","timestamp":"2024-07-19T10:38:19.083Z"}
{"level":"\u001b[32minfo\u001b[39m","message":"{\"method\":\"P\",\"url\":\"/api/auth/login\",\"status\":\"200\",\"responseTime\":\"415.920\"}","timestamp":"2024-07-22T05:46:35.648Z"}
{"level":"\u001b[32minfo\u001b[39m","message":"{\"method\":\"P\",\"url\":\"/api/auth/login\",\"status\":\"-\",\"responseTime\":\"-\"}","timestamp":"2024-07-22T09:54:02.272Z"}
{"level":"\u001b[32minfo\u001b[39m","message":"{\"method\":\"P\",\"url\":\"/api/auth/login\",\"status\":\"200\",\"responseTime\":\"13187.810\"}","timestamp":"2024-07-22T09:55:14.653Z"}
{"level":"\u001b[32minfo\u001b[39m","message":"{\"method\":\"P\",\"url\":\"/api/auth/login\",\"status\":\"200\",\"responseTime\":\"456.589\"}","timestamp":"2024-07-22T09:55:23.817Z"}
{"level":"\u001b[32minfo\u001b[39m","message":"{\"method\":\"P\",\"url\":\"/api/auth/login\",\"status\":\"200\",\"responseTime\":\"309.528\"}","timestamp":"2024-07-22T09:55:34.973Z"}
{"level":"\u001b[32minfo\u001b[39m","message":"{\"method\":\"P\",\"url\":\"/api/auth/login\",\"status\":\"200\",\"responseTime\":\"331.368\"}","timestamp":"2024-07-22T09:55:44.173Z"}
{"level":"\u001b[32minfo\u001b[39m","message":"{\"method\":\"P\",\"url\":\"/api/auth/login\",\"status\":\"200\",\"responseTime\":\"308.184\"}","timestamp":"2024-07-22T09:55:51.266Z"}
{"level":"\u001b[32minfo\u001b[39m","message":"{\"method\":\"P\",\"url\":\"/api/auth/login\",\"status\":\"-\",\"responseTime\":\"-\"}","timestamp":"2024-07-22T10:05:29.354Z"}
{"level":"\u001b[32minfo\u001b[39m","message":"{\"method\":\"P\",\"url\":\"/api/auth/create\",\"status\":\"404\",\"responseTime\":\"276.706\"}","timestamp":"2024-07-25T05:21:54.375Z"}
{"level":"\u001b[32minfo\u001b[39m","message":"{\"method\":\"P\",\"url\":\"/api/auth/newuser\",\"status\":\"400\",\"responseTime\":\"145.028\"}","timestamp":"2024-07-25T05:22:41.499Z"}
{"level":"\u001b[32minfo\u001b[39m","message":"{\"method\":\"P\",\"url\":\"/api/auth/newuser\",\"status\":\"400\",\"responseTime\":\"107.516\"}","timestamp":"2024-07-25T05:22:51.158Z"}
{"level":"\u001b[32minfo\u001b[39m","message":"{\"method\":\"P\",\"url\":\"/api/auth/newuser\",\"status\":\"400\",\"responseTime\":\"335.856\"}","timestamp":"2024-07-25T05:25:24.368Z"}
{"level":"\u001b[32minfo\u001b[39m","message":"{\"method\":\"P\",\"url\":\"/api/auth/newuser\",\"status\":\"400\",\"responseTime\":\"148.351\"}","timestamp":"2024-07-25T05:33:51.570Z"}
{"level":"\u001b[32minfo\u001b[39m","message":"{\"method\":\"P\",\"url\":\"/api/auth/newuser\",\"status\":\"500\",\"responseTime\":\"231.579\"}","timestamp":"2024-07-25T05:34:31.577Z"}
{"level":"\u001b[32minfo\u001b[39m","message":"{\"method\":\"P\",\"url\":\"/api/auth/newuser\",\"status\":\"500\",\"responseTime\":\"164.087\"}","timestamp":"2024-07-25T05:35:15.041Z"}
{"level":"\u001b[32minfo\u001b[39m","message":"{\"method\":\"P\",\"url\":\"/api/auth/newuser\",\"status\":\"500\",\"responseTime\":\"165.157\"}","timestamp":"2024-07-25T05:36:37.744Z"}
{"level":"\u001b[32minfo\u001b[39m","message":"{\"method\":\"P\",\"url\":\"/api/auth/newuser\",\"status\":\"500\",\"responseTime\":\"204.552\"}","timestamp":"2024-07-25T05:38:17.027Z"}
{"level":"\u001b[32minfo\u001b[39m","message":"{\"method\":\"P\",\"url\":\"/api/auth/newuser\",\"status\":\"500\",\"responseTime\":\"166.143\"}","timestamp":"2024-07-25T05:39:37.797Z"}
{"level":"\u001b[32minfo\u001b[39m","message":"{\"method\":\"P\",\"url\":\"/api/auth/newuser\",\"status\":\"400\",\"responseTime\":\"159.024\"}","timestamp":"2024-07-25T05:40:37.078Z"}
{"level":"\u001b[32minfo\u001b[39m","message":"{\"method\":\"G\",\"url\":\"/home\",\"status\":\"200\",\"responseTime\":\"8.128\"}","timestamp":"2024-07-25T08:46:46.068Z"}
{"level":"\u001b[32minfo\u001b[39m","message":"{\"method\":\"P\",\"url\":\"/api/auth/login\",\"status\":\"400\",\"responseTime\":\"202.939\"}","timestamp":"2024-07-25T08:46:55.296Z"}
{"level":"\u001b[32minfo\u001b[39m","message":"{\"method\":\"P\",\"url\":\"/api/auth/login\",\"status\":\"400\",\"responseTime\":\"83.164\"}","timestamp":"2024-07-25T08:47:06.630Z"}
{"level":"\u001b[32minfo\u001b[39m","message":"{\"method\":\"P\",\"url\":\"/api/auth/login\",\"status\":\"400\",\"responseTime\":\"91.424\"}","timestamp":"2024-07-25T08:47:10.162Z"}
{"level":"\u001b[32minfo\u001b[39m","message":"{\"method\":\"P\",\"url\":\"/api/auth/login\",\"status\":\"400\",\"responseTime\":\"69.455\"}","timestamp":"2024-07-25T08:47:12.141Z"}
